Removed Pin From Net: NetName=GND Pin=B2-1
Removed Pin From Net: NetName=GND Pin=C1-1
Removed Pin From Net: NetName=+5 Pin=C1-2
Removed Pin From Net: NetName=GND Pin=C2-2
Removed Pin From Net: NetName=GND Pin=C3-1
Removed Pin From Net: NetName=+5 Pin=C3-2
Removed Pin From Net: NetName=GND Pin=C4-1
Removed Pin From Net: NetName=+3.3 Pin=C4-2
Removed Pin From Net: NetName=GND Pin=C5-1
Removed Pin From Net: NetName=+5 Pin=C5-2
Removed Pin From Net: NetName=GND Pin=C6-2
Removed Pin From Net: NetName=GND Pin=C7-1
Removed Pin From Net: NetName=+5 Pin=C7-2
Removed Pin From Net: NetName=GND Pin=C8-2
Removed Pin From Net: NetName=GND Pin=C9-1
Removed Pin From Net: NetName=+5 Pin=C9-2
Removed Pin From Net: NetName=GND Pin=C10-1
Removed Pin From Net: NetName=+5 Pin=C10-2
Removed Pin From Net: NetName=GND Pin=C11-2
Removed Pin From Net: NetName=GND Pin=C12-2
Removed Pin From Net: NetName=GND Pin=C13-1
Removed Pin From Net: NetName=+5 Pin=C13-2
Removed Pin From Net: NetName=GND Pin=C14-2
Removed Pin From Net: NetName=GND Pin=J1-3
Removed Pin From Net: NetName=+3.3 Pin=J1-6
Removed Pin From Net: NetName=GND Pin=J2-3
Removed Pin From Net: NetName=+3.3 Pin=J2-6
Removed Pin From Net: NetName=GND Pin=J3-3
Removed Pin From Net: NetName=+3.3 Pin=J3-6
Removed Pin From Net: NetName=GND Pin=J4-3
Removed Pin From Net: NetName=+3.3 Pin=J4-6
Removed Pin From Net: NetName=GND Pin=J5-3
Removed Pin From Net: NetName=+3.3 Pin=J5-6
Removed Pin From Net: NetName=GND Pin=J6-1
Removed Pin From Net: NetName=+3.3 Pin=J6-7
Removed Pin From Net: NetName=GND Pin=U1-2
Removed Pin From Net: NetName=+5 Pin=U1-3
Removed Pin From Net: NetName=GND Pin=U2-1
Removed Pin From Net: NetName=+3.3 Pin=U2-2
Removed Pin From Net: NetName=+5 Pin=U2-3
Removed Pin From Net: NetName=GND Pin=U4-5
Removed Pin From Net: NetName=+5 Pin=U4-8
Removed Pin From Net: NetName=GND Pin=U5-5
Removed Pin From Net: NetName=+5 Pin=U5-8
Removed Pin From Net: NetName=GND Pin=U6-5
Removed Pin From Net: NetName=+5 Pin=U6-8
Removed Pin From Net: NetName=GND Pin=U7-5
Removed Pin From Net: NetName=+5 Pin=U7-8
Removed Pin From Net: NetName=GND Pin=U8-5
Removed Pin From Net: NetName=+5 Pin=U8-8
Added Component: Designator=*(12.5mm button-Footprint-1)
Add component (AddParameter): Name = "Actuator Type"; Value = "Standard"; VariantName = "[No Variations]"
Add component (AddParameter): Name = "Mount"; Value = "Through Hole"; VariantName = "[No Variations]"
Add component (AddParameter): Name = "Series"; Value = "-"; VariantName = "[No Variations]"
Add component (AddParameter): Name = "Termination"; Value = "PC Pin"; VariantName = "[No Variations]"
Add component (AddParameter): Name = "Throw Configuration"; Value = "SPST"; VariantName = "[No Variations]"
Add Pin To Net: Unknown Pin: Pin *-2
Change Net Name : Old Net Name=NetP2_16 New Net Name=I2C_CLK
Change Net Name : Old Net Name=NetP2_19 New Net Name=I2C_SDA
Change Net Name : Old Net Name=NetU3_2 New Net Name=MAG_2_2
Change Net Name : Old Net Name=NetU3_3 New Net Name=MAG_2_1
Change Net Name : Old Net Name=NetU3_4 New Net Name=SG_2_N
Change Net Name : Old Net Name=NetU3_5 New Net Name=SG_2_P
Change Net Name : Old Net Name=NetU3_6 New Net Name=MAG_1_2
Change Net Name : Old Net Name=NetU3_7 New Net Name=MAG_1_1
Change Net Name : Old Net Name=NetU3_8 New Net Name=SG_1_N
Change Net Name : Old Net Name=NetU3_9 New Net Name=SG_1_P
Change Net Name : Old Net Name=NetU3_16 New Net Name=CONFIG_BUTTON
Change Net Name : Old Net Name=NetU3_17 New Net Name=MUX_2_OUT
Change Net Name : Old Net Name=NetU3_18 New Net Name=SG_4_N
Change Net Name : Old Net Name=NetU3_19 New Net Name=SG_4_P
Change Net Name : Old Net Name=NetU3_20 New Net Name=MAG_3_2
Change Net Name : Old Net Name=NetU3_21 New Net Name=MAG_3_1
Change Net Name : Old Net Name=NetU3_22 New Net Name=SG_3_N
Change Net Name : Old Net Name=NetU3_23 New Net Name=SG_3_P
Change Net Name : Old Net Name=NetU9_2 New Net Name=SG_5_P
Change Net Name : Old Net Name=NetU9_3 New Net Name=MAG_4_2
Change Net Name : Old Net Name=NetU9_4 New Net Name=MAG_4_1
Change Net Name : Old Net Name=NetU9_21 New Net Name=MAG_5_2
Change Net Name : Old Net Name=NetU9_22 New Net Name=MAG_5_1
Change Net Name : Old Net Name=NetU9_23 New Net Name=SG_5_N
Added Pin To Net: NetName=BUTTON_A Pin=U9-17
Added Net: Name=BUTTON_A
Added Pin To Net: NetName=BUTTON_B Pin=U9-16
Added Net: Name=BUTTON_B
Added Pin To Net: NetName=CURRENT_SENSOR_0 Pin=U9-9
Added Net: Name=CURRENT_SENSOR_0
Added Pin To Net: NetName=CURRENT_SENSOR_1 Pin=U9-8
Added Net: Name=CURRENT_SENSOR_1
Added Pin To Net: NetName=CURRENT_SENSOR_2 Pin=U9-7
Added Net: Name=CURRENT_SENSOR_2
Added Pin To Net: NetName=CURRENT_SENSOR_3 Pin=U9-6
Added Net: Name=CURRENT_SENSOR_3
Added Pin To Net: NetName=CURRENT_SENSOR_4 Pin=U9-5
Added Net: Name=CURRENT_SENSOR_4
Added Pin To Net: NetName=E Pin=P2-15
Added Net: Name=E
Added Pin To Net: NetName=JOY_BUTTON Pin=U9-18
Added Net: Name=JOY_BUTTON
Added Pin To Net: NetName=JOY_X Pin=U9-20
Added Net: Name=JOY_X
Added Pin To Net: NetName=JOY_Y Pin=U9-19
Added Net: Name=JOY_Y
Added Pin To Net: NetName=Net*_3 Pin=P1-9
Added Pin To Net: NetName=Net*_3 Pin=P1-10
Added Net: Name=Net*_3
Added Pin To Net: NetName=NetU3_15 Pin=U3-15
Added Pin To Net: NetName=NetU3_15 Pin=U9-15
Added Net: Name=NetU3_15
Change Class Name : Old Net Name=power_esp32 New Net Name=U_power_esp32
Added Member To Class: ClassName=U_power_esp32 Member=Component * 12.5mm button
Change Room Name: Old Name=tactile_power New Name=U_power_esp32
Change Room Scope: Old Scope=InComponentClass('tactile_power') New Scope=InComponentClass('U_power_esp32')
